"C:\Program Files\JetBrains\CLion 2023.2.2\bin\cmake\win\x64\bin\cmake.exe" -DCMAKE_BUILD_TYPE=Debug -G "CodeBlocks - MinGW Makefiles" -S \\wsl$\Ubuntu\home\axel\PhD\UnitTestsTurbulence\SPH-EXA -B \\wsl$\Ubuntu\home\axel\PhD\UnitTestsTurbulence\SPH-EXA\cmake-build-debug
-- The CXX compiler identification is unknown
-- The C compiler identification is unknown
-- Detecting CXX compiler ABI info
-- Detecting CXX compiler ABI info - failed
-- Check for working CXX compiler: C:/Program Files/JetBrains/CLion 2023.2.2/bin/mingw/bin/g++.exe
-- Check for working CXX compiler: C:/Program Files/JetBrains/CLion 2023.2.2/bin/mingw/bin/g++.exe - broken
CMake Error at C:/Program Files/JetBrains/CLion 2023.2.2/bin/cmake/win/x64/share/cmake-3.26/Modules/CMakeTestCXXCompiler.cmake:60 (message):
  The C++ compiler

    "C:/Program Files/JetBrains/CLion 2023.2.2/bin/mingw/bin/g++.exe"

  is not able to compile a simple test program.

  It fails with the following output:

    Change Dir: //wsl$/Ubuntu/home/axel/PhD/UnitTestsTurbulence/SPH-EXA/cmake-build-debug/CMakeFiles/CMakeScratch/TryCompile-q9gz2z
    
    Run Build Command(s):C:/Program Files/JetBrains/CLion 2023.2.2/bin/cmake/win/x64/bin/cmake.exe -E env VERBOSE=1 C:/PROGRA~1/JETBRA~1/CLION2~1.2/bin/mingw/bin/mingw32-make.exe -f Makefile cmTC_766ca/fast && C:/PROGRA~1/JETBRA~1/CLION2~1.2/bin/mingw/bin/mingw32-make.exe  -f CMakeFiles\cmTC_766ca.dir\build.make CMakeFiles/cmTC_766ca.dir/build
    mingw32-make[1]: Entering directory '//wsl$/Ubuntu/home/axel/PhD/UnitTestsTurbulence/SPH-EXA/cmake-build-debug/CMakeFiles/CMakeScratch/TryCompile-q9gz2z'
    Building CXX object CMakeFiles/cmTC_766ca.dir/testCXXCompiler.cxx.obj
    C:\PROGRA~1\JETBRA~1\CLION2~1.2\bin\mingw\bin\G__~1.EXE    -o CMakeFiles\cmTC_766ca.dir\testCXXCompiler.cxx.obj -c "\\wsl$\Ubuntu\home\axel\PhD\UnitTestsTurbulence\SPH-EXA\cmake-build-debug\CMakeFiles\CMakeScratch\TryCompile-q9gz2z\testCXXCompiler.cxx"
    Assembler messages:
    Fatal error: can't create CMakeFiles\cmTC_766ca.dir\testCXXCompiler.cxx.obj: Invalid argument
    mingw32-make[1]: *** [CMakeFiles\cmTC_766ca.dir\build.make:77: CMakeFiles/cmTC_766ca.dir/testCXXCompiler.cxx.obj] Error 1
    mingw32-make[1]: Leaving directory '//wsl$/Ubuntu/home/axel/PhD/UnitTestsTurbulence/SPH-EXA/cmake-build-debug/CMakeFiles/CMakeScratch/TryCompile-q9gz2z'
    mingw32-make: *** [Makefile:126: cmTC_766ca/fast] Error 2
    
    

  

  CMake will not be able to correctly generate this project.
Call Stack (most recent call first):
  CMakeLists.txt:3 (project)


-- Configuring incomplete, errors occurred!
